Results of cspell linter (version 8.14.1)
See documentation on https://megalinter.io/8.0.0/descriptors/spell_cspell/
-----------------------------------------------

❌ [ERROR] for workspace /github/workspace
Linter raw log:
 1/12 .github/auto-label.yaml 1243.18ms
 2/12 .github/blunderbuss.yml 9.76ms
 3/12 .github/megalinter/.checkov.yml 3.19ms
 4/12 .github/megalinter/.devskim.json 206.96ms
 5/12 .github/renovate.json 3.87ms
 6/12 .github/sync-repo-settings.yaml 2.87ms
 7/12 .github/workflows/ci.yaml 14.76ms
 8/12 .github/workflows/megalinter.yaml 168.84ms X
.github/workflows/megalinter.yaml:179:15    - Unknown word (stefanzweifel) -- uses: stefanzweifel/git-auto-commit-action
	 Suggestions: []
 9/12 .mega-linter.yaml 471.24ms X
.mega-linter.yaml:34:12     - Unknown word (ISORT)      -- - PYTHON_ISORT
	 Suggestions: [SORT, iost, IOST, IGOR, ISAR]
.mega-linter.yaml:35:12     - Unknown word (MYPY)       -- - PYTHON_MYPY
	 Suggestions: [MOPY, MYOPY, MACY, MANY, MAPS]
.mega-linter.yaml:36:12     - Unknown word (PYLINT)     -- - PYTHON_PYLINT
	 Suggestions: [PLYING, PINT, PAINT, PLANT, PLINK]
.mega-linter.yaml:42:12     - Unknown word (DEVSKIM)    -- REPOSITORY_DEVSKIM_CONFIG_FILE: .github
	 Suggestions: [DESK, DEVI, DKIM, DEISM, DENIM]
.mega-linter.yaml:42:53     - Unknown word (devskim)    -- .github/megalinter/.devskim.json
	 Suggestions: [desk, devi, dkim, deism, denim]
.mega-linter.yaml:43:12     - Unknown word (KICS)       -- REPOSITORY_KICS_CONFIG_FILE: .github
	 Suggestions: [KI'S, KICK, KIDS, KINS, KIPS]
.mega-linter.yaml:43:49     - Unknown word (kics)       -- .github/megalinter/kics.config
	 Suggestions: [ki's, kick, kids, kins, kips]
10/12 .pre-commit-config.yaml 5.51ms
11/12 14aec767-a760-4873-afd8-cc996adca36c-megalinter_file_names_cspell.txt 39.47ms X
14aec767-a760-4873-afd8-cc996adca36c-megalinter_file_names_cspell.txt:5:20      - Unknown word (devskim)    -- github megalinter devskim
	 Suggestions: [desk, devi, dkim, deism, denim]
12/12 README.md 80.16ms
CSpell: Files checked: 12, Issues found: 9 in 3 files.


You can skip this misspellings by defining the following .cspell.json file at the root of your repository
Of course, please correct real typos before :)

{
    "version": "0.2",
    "language": "en",
    "ignorePaths": [
        "**/node_modules/**",
        "**/vscode-extension/**",
        "**/.git/**",
        "**/.pnpm-lock.json",
        ".vscode",
        "package-lock.json",
        "megalinter-reports"
    ],
    "words": [
        "DEVSKIM",
        "ISORT",
        "KICS",
        "MYPY",
        "PYLINT",
        "devskim",
        "kics",
        "stefanzweifel"
    ]
}


You can also copy-paste megalinter-reports/.cspell.json at the root of your repository
